<?xml version="1.0" encoding="UTF-8"?>
<testsuite xmlns:xsi="http://www.w3.org/2001/XMLSchema-instance" xsi:noNamespaceSchemaLocation="https://maven.apache.org/surefire/maven-surefire-plugin/xsd/surefire-test-report-3.0.xsd" version="3.0" name="AppTest" time="0.161" tests="4" errors="0" skipped="0" failures="0">
  <properties>
[...]
</properties>
  <testcase name="testUpdateLocalStock" classname="AppTest" time="0.048">
    <system-out><![CDATA[[INFO] Inventory updated for product: TEST002, warehouse: WARE001, quantity: 50
]]></system-out>
  </testcase>
  <testcase name="testInventoryItemCreation" classname="AppTest" time="0.003">
    <system-out><![CDATA[[INFO] Inventory updated for product: TEST001, warehouse: WARE001, quantity: 100
]]></system-out>
  </testcase>
  <testcase name="testOptimisticLocking" classname="AppTest" time="0.003">
    <system-out><![CDATA[[INFO] Inventory updated for product: TEST003, warehouse: WARE001, quantity: 50
]]></system-out>
  </testcase>
  <testcase name="testSyncFromWarehouse" classname="AppTest" time="0.058">
    <system-out><![CDATA[[SYNC] Starting sync from warehouse for product: PROD001, warehouse: WARE001
[INFO] Inventory updated for product: PROD001, warehouse: WARE001, quantity: 100
[SYNC] Sync completed successfully
]]></system-out>
  </testcase>
</testsuite>